Determining if the pthread_create exist failed with the following output:
Change Dir: /home/orotib/vedes/bus-stops/build/CMakeFiles/CMakeTmp

Run Build Command:/usr/bin/make "cmTryCompileExec231663636/fast"
/usr/bin/make -f CMakeFiles/cmTryCompileExec231663636.dir/build.make CMakeFiles/cmTryCompileExec231663636.dir/build
make[1]: Entering directory `/home/orotib/vedes/bus-stops/build/CMakeFiles/CMakeTmp'
/usr/bin/cmake -E cmake_progress_report /home/orotib/vedes/bus-stops/build/CMakeFiles/CMakeTmp/CMakeFiles 1
Building C object CMakeFiles/cmTryCompileExec231663636.dir/CheckSymbolExists.c.o
/usr/bin/cc    -o CMakeFiles/cmTryCompileExec231663636.dir/CheckSymbolExists.c.o   -c /home/orotib/vedes/bus-stops/build/CMakeFiles/CMakeTmp/CheckSymbolExists.c
Linking C executable cmTryCompileExec231663636
/usr/bin/cmake -E cmake_link_script CMakeFiles/cmTryCompileExec231663636.dir/link.txt --verbose=1
/usr/bin/cc       CMakeFiles/cmTryCompileExec231663636.dir/CheckSymbolExists.c.o  -o cmTryCompileExec231663636 -rdynamic 
CMakeFiles/cmTryCompileExec231663636.dir/CheckSymbolExists.c.o: In function `main':
CheckSymbolExists.c:(.text+0x16): undefined reference to `pthread_create'
collect2: error: ld returned 1 exit status
make[1]: Leaving directory `/home/orotib/vedes/bus-stops/build/CMakeFiles/CMakeTmp'
make[1]: *** [cmTryCompileExec231663636] Error 1
make: *** [cmTryCompileExec231663636/fast] Error 2

File /home/orotib/vedes/bus-stops/build/CMakeFiles/CMakeTmp/CheckSymbolExists.c:
/* */
#include <pthread.h>

int main(int argc, char** argv)
{
  (void)argv;
#ifndef pthread_create
  return ((int*)(&pthread_create))[argc];
#else
  (void)argc;
  return 0;
#endif
}

Determining if the function pthread_create exists in the pthreads failed with the following output:
Change Dir: /home/orotib/vedes/bus-stops/build/CMakeFiles/CMakeTmp

Run Build Command:/usr/bin/make "cmTryCompileExec117392259/fast"
/usr/bin/make -f CMakeFiles/cmTryCompileExec117392259.dir/build.make CMakeFiles/cmTryCompileExec117392259.dir/build
make[1]: Entering directory `/home/orotib/vedes/bus-stops/build/CMakeFiles/CMakeTmp'
/usr/bin/cmake -E cmake_progress_report /home/orotib/vedes/bus-stops/build/CMakeFiles/CMakeTmp/CMakeFiles 1
Building C object CMakeFiles/cmTryCompileExec117392259.dir/CheckFunctionExists.c.o
/usr/bin/cc   -DCHECK_FUNCTION_EXISTS=pthread_create   -o CMakeFiles/cmTryCompileExec117392259.dir/CheckFunctionExists.c.o   -c /usr/share/cmake-2.8/Modules/CheckFunctionExists.c
Linking C executable cmTryCompileExec117392259
/usr/bin/cmake -E cmake_link_script CMakeFiles/cmTryCompileExec117392259.dir/link.txt --verbose=1
/usr/bin/cc   -DCHECK_FUNCTION_EXISTS=pthread_create    CMakeFiles/cmTryCompileExec117392259.dir/CheckFunctionExists.c.o  -o cmTryCompileExec117392259 -rdynamic -lpthreads 
/usr/bin/ld: cannot find -lpthreads
collect2: error: ld returned 1 exit status
make[1]: *** [cmTryCompileExec117392259] Error 1
make[1]: Leaving directory `/home/orotib/vedes/bus-stops/build/CMakeFiles/CMakeTmp'
make: *** [cmTryCompileExec117392259/fast] Error 2


